1676556981736	geckodriver	INFO	Listening on 127.0.0.1:21568
1676556984783	mozrunner::runner	INFO	Running command: "C:\\Program Files\\Mozilla Firefox\\firefox.exe" "--marionette" "--remote-debugging-port" "21569" "--remote-allow-hosts" "localhost" "-no-remote" "-profile" "C:\\Users\\aadhi\\AppData\\Local\\Temp\\rust_mozprofile1LNzWo"
1676556985711	Marionette	INFO	Marionette enabled
Dynamically enable window occlusion 0
1676556985722	Marionette	INFO	Listening on port 21576
Read port: 21576
WebDriver BiDi listening on ws://127.0.0.1:21569
1676556986020	RemoteAgent	WARN	TLS certificate errors will be ignored for this session
console.warn: SearchSettings: "get: No settings file exists, new profile?" (new NotFoundError("Could not open the file at C:\\Users\\aadhi\\AppData\\Local\\Temp\\rust_mozprofile1LNzWo\\search.json.mozlz4", (void 0)))
DevTools listening on ws://127.0.0.1:21569/devtools/browser/0ce7aa4c-1ba0-4d1f-b51d-704d5359c065
1676557173373	geckodriver	INFO	Listening on 127.0.0.1:21654
1676557176410	mozrunner::runner	INFO	Running command: "C:\\Program Files\\Mozilla Firefox\\firefox.exe" "--marionette" "--remote-debugging-port" "21655" "--remote-allow-hosts" "localhost" "-no-remote" "-profile" "C:\\Users\\aadhi\\AppData\\Local\\Temp\\rust_mozprofile158Ogi"
1676557176886	Marionette	INFO	Marionette enabled
Dynamically enable window occlusion 0
1676557176896	Marionette	INFO	Listening on port 21663
Read port: 21663
WebDriver BiDi listening on ws://127.0.0.1:21655
1676557177175	RemoteAgent	WARN	TLS certificate errors will be ignored for this session
console.warn: SearchSettings: "get: No settings file exists, new profile?" (new NotFoundError("Could not open the file at C:\\Users\\aadhi\\AppData\\Local\\Temp\\rust_mozprofile158Ogi\\search.json.mozlz4", (void 0)))
DevTools listening on ws://127.0.0.1:21655/devtools/browser/c97e3ac8-d7ee-451a-b42e-d729d2ab2763
console.warn: LoginRecipes: "Falling back to a synchronous message for: https://opensource-demo.orangehrmlive.com."
console.warn: LoginRecipes: "Falling back to a synchronous message for: https://opensource-demo.orangehrmlive.com."
1676557383149	geckodriver	INFO	Listening on 127.0.0.1:21783
1676557386207	mozrunner::runner	INFO	Running command: "C:\\Program Files\\Mozilla Firefox\\firefox.exe" "--marionette" "--remote-debugging-port" "21784" "--remote-allow-hosts" "localhost" "-no-remote" "-profile" "C:\\Users\\aadhi\\AppData\\Local\\Temp\\rust_mozprofile5WmjWP"
1676557386773	Marionette	INFO	Marionette enabled
Dynamically enable window occlusion 0
1676557386780	Marionette	INFO	Listening on port 21791
Read port: 21791
WebDriver BiDi listening on ws://127.0.0.1:21784
1676557387102	RemoteAgent	WARN	TLS certificate errors will be ignored for this session
console.warn: SearchSettings: "get: No settings file exists, new profile?" (new NotFoundError("Could not open the file at C:\\Users\\aadhi\\AppData\\Local\\Temp\\rust_mozprofile5WmjWP\\search.json.mozlz4", (void 0)))
DevTools listening on ws://127.0.0.1:21784/devtools/browser/d4e4da4f-fa14-4b69-9a1a-80ef21129014
console.warn: LoginRecipes: "Falling back to a synchronous message for: https://opensource-demo.orangehrmlive.com."
console.warn: LoginRecipes: "Falling back to a synchronous message for: https://opensource-demo.orangehrmlive.com."
console.warn: LoginRecipes: "Falling back to a synchronous message for: https://opensource-demo.orangehrmlive.com."
console.warn: LoginRecipes: "Falling back to a synchronous message for: https://opensource-demo.orangehrmlive.com."
console.warn: LoginRecipes: "Falling back to a synchronous message for: https://opensource-demo.orangehrmlive.com."
JavaScript error: , line 0: NS_ERROR_NOT_AVAILABLE
console.error: "Error while calling actor 'pagestyle's method 'getApplied'" "node is null"
console.error: (new TypeError("node is null", "resource://devtools/server/actors/page-style.js", 572))
console.error: (new TypeError("parent is null", "resource://devtools/client/inspector/shared/style-change-tracker.js", 67))
TypeError: parent is null: canMutationImpactCurrentStyles@resource://devtools/client/inspector/shared/style-change-tracker.js:67:24
onMutations@resource://devtools/client/inspector/shared/style-change-tracker.js:84:41
_emit@resource://devtools/shared/event-emitter.js:242:32
emit@resource://devtools/shared/event-emitter.js:186:18
emit@resource://devtools/shared/event-emitter.js:330:18
getMutations@resource://devtools/client/fronts/walker.js:313:10

console.error: (new TypeError("container.node.targetFront is null", "resource://devtools/client/inspector/markup/markup.js", 2398))
console.error: (new Error("Protocol error (TypeError): node is null from: server0.conn0.windowGlobal6442450952/pagestyle25 (resource://devtools/server/actors/page-style.js:572:5)", "resource://devtools/shared/protocol/Front.js", 383))
console.error: (new TypeError("parent is null", "resource://devtools/client/inspector/shared/style-change-tracker.js", 67))
TypeError: parent is null: canMutationImpactCurrentStyles@resource://devtools/client/inspector/shared/style-change-tracker.js:67:24
onMutations@resource://devtools/client/inspector/shared/style-change-tracker.js:84:41
_emit@resource://devtools/shared/event-emitter.js:242:32
emit@resource://devtools/shared/event-emitter.js:186:18
emit@resource://devtools/shared/event-emitter.js:330:18
getMutations@resource://devtools/client/fronts/walker.js:313:10

console.error: "Error while calling actor 'pagestyle's method 'getApplied'" "node is null"
console.error: (new TypeError("node is null", "resource://devtools/server/actors/page-style.js", 572))
console.error: (new TypeError("container.node.targetFront is null", "resource://devtools/client/inspector/markup/markup.js", 2398))
console.error: (new Error("Protocol error (TypeError): node is null from: server0.conn0.windowGlobal6442450952/pagestyle25 (resource://devtools/server/actors/page-style.js:572:5)", "resource://devtools/shared/protocol/Front.js", 383))
console.error: (new TypeError("container.node.targetFront is null", "resource://devtools/client/inspector/markup/markup.js", 2398))
console.error: (new TypeError("container.node.targetFront is null", "resource://devtools/client/inspector/markup/markup.js", 2398))
console.error: (new TypeError("parent is null", "resource://devtools/client/inspector/shared/style-change-tracker.js", 67))
TypeError: parent is null: canMutationImpactCurrentStyles@resource://devtools/client/inspector/shared/style-change-tracker.js:67:24
onMutations@resource://devtools/client/inspector/shared/style-change-tracker.js:84:41
_emit@resource://devtools/shared/event-emitter.js:242:32
emit@resource://devtools/shared/event-emitter.js:186:18
emit@resource://devtools/shared/event-emitter.js:330:18
getMutations@resource://devtools/client/fronts/walker.js:313:10

console.error: "Error writing response to: getApplied"
console.error: "Error while calling actor 'pagestyle's method 'getApplied'" "Attempted to write a response containing a destroyed actor"
console.error: (new Error("Attempted to write a response containing a destroyed actor", "resource://devtools/shared/protocol/types.js", 358))
console.error: "Error writing response to: getApplied"
console.error: "Error while calling actor 'pagestyle's method 'getApplied'" "Attempted to write a response containing a destroyed actor"
console.error: (new Error("Attempted to write a response containing a destroyed actor", "resource://devtools/shared/protocol/types.js", 358))
console.error: (new TypeError("parent is null", "resource://devtools/client/inspector/shared/style-change-tracker.js", 67))
TypeError: parent is null: canMutationImpactCurrentStyles@resource://devtools/client/inspector/shared/style-change-tracker.js:67:24
onMutations@resource://devtools/client/inspector/shared/style-change-tracker.js:84:41
_emit@resource://devtools/shared/event-emitter.js:242:32
emit@resource://devtools/shared/event-emitter.js:186:18
emit@resource://devtools/shared/event-emitter.js:330:18
getMutations@resource://devtools/client/fronts/walker.js:313:10

console.error: "Error while calling actor 'pagestyle's method 'getUsedFontFaces'" "node is null"
console.error: (new TypeError("node is null", "resource://devtools/server/actors/page-style.js", 369))
console.error: "Could not get the list of font families" (new Error("Protocol error (TypeError): node is null from: server0.conn0.windowGlobal6442450952/pagestyle25 (resource://devtools/server/actors/page-style.js:369:24)", "resource://devtools/shared/protocol/Front.js", 383))
console.error: "Error while calling actor 'pagestyle's method 'getUsedFontFaces'" "node is null"
console.error: (new TypeError("node is null", "resource://devtools/server/actors/page-style.js", 369))
console.error: (new TypeError("parent is null", "resource://devtools/client/inspector/shared/style-change-tracker.js", 67))
TypeError: parent is null: canMutationImpactCurrentStyles@resource://devtools/client/inspector/shared/style-change-tracker.js:67:24
onMutations@resource://devtools/client/inspector/shared/style-change-tracker.js:84:41
_emit@resource://devtools/shared/event-emitter.js:242:32
emit@resource://devtools/shared/event-emitter.js:186:18
emit@resource://devtools/shared/event-emitter.js:330:18
getMutations@resource://devtools/client/fronts/walker.js:313:10

console.error: "Could not get the list of font families" (new Error("Protocol error (TypeError): node is null from: server0.conn0.windowGlobal6442450952/pagestyle25 (resource://devtools/server/actors/page-style.js:369:24)", "resource://devtools/shared/protocol/Front.js", 383))
console.error: (new TypeError("container.node.targetFront is null", "resource://devtools/client/inspector/markup/markup.js", 2398))
1676615713082	geckodriver	INFO	Listening on 127.0.0.1:57719
1676615716088	mozrunner::runner	INFO	Running command: "C:\\Program Files\\Mozilla Firefox\\firefox.exe" "--marionette" "--remote-debugging-port" "57720" "--remote-allow-hosts" "localhost" "-no-remote" "-profile" "C:\\Users\\aadhi\\AppData\\Local\\Temp\\rust_mozprofileCXpG42"
1676615717058	Marionette	INFO	Marionette enabled
Dynamically enable window occlusion 0
1676615717069	Marionette	INFO	Listening on port 57727
Read port: 57727
WebDriver BiDi listening on ws://127.0.0.1:57720
1676615717428	RemoteAgent	WARN	TLS certificate errors will be ignored for this session
console.warn: SearchSettings: "get: No settings file exists, new profile?" (new NotFoundError("Could not open the file at C:\\Users\\aadhi\\AppData\\Local\\Temp\\rust_mozprofileCXpG42\\search.json.mozlz4", (void 0)))
DevTools listening on ws://127.0.0.1:57720/devtools/browser/6060a2d9-a530-47c7-9022-bd018acb2d05
console.warn: LoginRecipes: "Falling back to a synchronous message for: https://opensource-demo.orangehrmlive.com."
console.warn: LoginRecipes: "Falling back to a synchronous message for: https://opensource-demo.orangehrmlive.com."
JavaScript error: , line 0: NS_ERROR_NOT_AVAILABLE
1:57795
1676615785882	mozrunner::runner	INFO	Running command: "C:\\Program Files\\Mozilla Firefox\\firefox.exe" "--marionette" "--remote-debugging-port" "57796" "--remote-allow-hosts" "localhost" "-no-remote" "-profile" "C:\\Users\\aadhi\\AppData\\Local\\Temp\\rust_mozprofileC9S7qf"
1676615786448	Marionette	INFO	Marionette enabled
Dynamically enable window occlusion 0
1676615786456	Marionette	INFO	Listening on port 57803
Read port: 57803
WebDriver BiDi listening on ws://127.0.0.1:57796
1676615786794	RemoteAgent	WARN	TLS certificate errors will be ignored for this session
console.warn: SearchSettings: "get: No settings file exists, new profile?" (new NotFoundError("Could not open the file at C:\\Users\\aadhi\\AppData\\Local\\Temp\\rust_mozprofileC9S7qf\\search.json.mozlz4", (void 0)))
DevTools listening on ws://127.0.0.1:57796/devtools/browser/1e2d8cd8-2a00-4a43-8436-8db5cf4480f5
console.warn: LoginRecipes: "Falling back to a synchronous message for: https://opensource-demo.orangehrmlive.com."
console.warn: LoginRecipes: "Falling back to a synchronous message for: https://opensource-demo.orangehrmlive.com."
JavaScript error: , line 0: NS_ERROR_NOT_AVAILABLE
1:57886
1676615902173	mozrunner::runner	INFO	Running command: "C:\\Program Files\\Mozilla Firefox\\firefox.exe" "--marionette" "--remote-debugging-port" "57887" "--remote-allow-hosts" "localhost" "-no-remote" "-profile" "C:\\Users\\aadhi\\AppData\\Local\\Temp\\rust_mozprofileatKTa2"
1676615902753	Marionette	INFO	Marionette enabled
Dynamically enable window occlusion 0
1676615902763	Marionette	INFO	Listening on port 57895
Read port: 57895
WebDriver BiDi listening on ws://127.0.0.1:57887
1676615903067	RemoteAgent	WARN	TLS certificate errors will be ignored for this session
console.warn: SearchSettings: "get: No settings file exists, new profile?" (new NotFoundError("Could not open the file at C:\\Users\\aadhi\\AppData\\Local\\Temp\\rust_mozprofileatKTa2\\search.json.mozlz4", (void 0)))
DevTools listening on ws://127.0.0.1:57887/devtools/browser/75160292-9dab-47be-885f-5187ee1cf3e1
console.warn: LoginRecipes: "Falling back to a synchronous message for: https://opensource-demo.orangehrmlive.com."
console.warn: LoginRecipes: "Falling back to a synchronous message for: https://opensource-demo.orangehrmlive.com."
JavaScript error: resource://gre/modules/AsyncShutdown.jsm, line 572: NotFoundError: No such JSWindowActor 'DevToolsFrame'
1676616318992	Marionette	INFO	Stopped listening on port 57895
Dynamically enable window occlusion 1
ow-hosts" "localhost" "-no-remote" "-profile" "C:\\Users\\aadhi\\AppData\\Local\\Temp\\rust_mozprofile9FiBHz"
1676615996509	Marionette	INFO	Marionette enabled
Dynamically enable window occlusion 0
1676615996518	Marionette	INFO	Listening on port 57987
Read port: 57987
WebDriver BiDi listening on ws://127.0.0.1:57976
1676615996849	RemoteAgent	WARN	TLS certificate errors will be ignored for this session
console.warn: SearchSettings: "get: No settings file exists, new profile?" (new NotFoundError("Could not open the file at C:\\Users\\aadhi\\AppData\\Local\\Temp\\rust_mozprofile9FiBHz\\search.json.mozlz4", (void 0)))
DevTools listening on ws://127.0.0.1:57976/devtools/browser/5ef77c05-7c54-4e0b-9564-fe70d9271cc0
console.warn: LoginRecipes: "Falling back to a synchronous message for: https://opensource-demo.orangehrmlive.com."
console.warn: LoginRecipes: "Falling back to a synchronous message for: https://opensource-demo.orangehrmlive.com."
JavaScript error: https://opensource-demo.orangehrmlive.com/web/dist/js/chunk-vendors.js?1672659722816, line 1: TypeError: e.scrollIntoView is not a function
JavaScript error: , line 0: NotFoundError: No such JSWindowActor 'DevToolsFrame'
JavaScript error: resource://gre/modules/AsyncShutdown.jsm, line 572: NotFoundError: No such JSWindowActor 'DevToolsFrame'
1676616319958	Marionette	INFO	Stopped listening on port 57987
Dynamically enable window occlusion 1
ow-hosts" "localhost" "-no-remote" "-profile" "C:\\Users\\aadhi\\AppData\\Local\\Temp\\rust_mozprofileMHFwSk"
1676616258842	Marionette	INFO	Marionette enabled
Dynamically enable window occlusion 0
1676616258864	Marionette	INFO	Listening on port 58184
Read port: 58184
WebDriver BiDi listening on ws://127.0.0.1:58177
1676616259196	RemoteAgent	WARN	TLS certificate errors will be ignored for this session
console.warn: SearchSettings: "get: No settings file exists, new profile?" (new NotFoundError("Could not open the file at C:\\Users\\aadhi\\AppData\\Local\\Temp\\rust_mozprofileMHFwSk\\search.json.mozlz4", (void 0)))
DevTools listening on ws://127.0.0.1:58177/devtools/browser/77ccd4e6-8f96-44f7-8df9-96b4b07540d1
console.warn: LoginRecipes: "Falling back to a synchronous message for: https://opensource-demo.orangehrmlive.com."
console.warn: LoginRecipes: "Falling back to a synchronous message for: https://opensource-demo.orangehrmlive.com."
1676616320976	Marionette	INFO	Stopped listening on port 58184
Dynamically enable window occlusion 1
1676616354692	geckodriver	INFO	Listening on 127.0.0.1:58294
1676616357734	mozrunner::runner	INFO	Running command: "C:\\Program Files\\Mozilla Firefox\\firefox.exe" "--marionette" "--remote-debugging-port" "58295" "--remote-allow-hosts" "localhost" "-no-remote" "-profile" "C:\\Users\\aadhi\\AppData\\Local\\Temp\\rust_mozprofileuOpudD"
1676616358260	Marionette	INFO	Marionette enabled
Dynamically enable window occlusion 0
1676616358268	Marionette	INFO	Listening on port 58302
Read port: 58302
WebDriver BiDi listening on ws://127.0.0.1:58295
1676616358574	RemoteAgent	WARN	TLS certificate errors will be ignored for this session
console.warn: SearchSettings: "get: No settings file exists, new profile?" (new NotFoundError("Could not open the file at C:\\Users\\aadhi\\AppData\\Local\\Temp\\rust_mozprofileuOpudD\\search.json.mozlz4", (void 0)))
DevTools listening on ws://127.0.0.1:58295/devtools/browser/482c6561-70a8-4c28-b102-5b566f5ad6c1
console.warn: LoginRecipes: "Falling back to a synchronous message for: https://opensource-demo.orangehrmlive.com."
console.warn: LoginRecipes: "Falling back to a synchronous message for: https://opensource-demo.orangehrmlive.com."
JavaScript error: , line 0: NS_ERROR_NOT_AVAILABLE
1:58708
1676616844371	mozrunner::runner	INFO	Running command: "C:\\Program Files\\Mozilla Firefox\\firefox.exe" "--marionette" "--remote-debugging-port" "58709" "--remote-allow-hosts" "localhost" "-no-remote" "-profile" "C:\\Users\\aadhi\\AppData\\Local\\Temp\\rust_mozprofilekXvzDZ"
1676616844922	Marionette	INFO	Marionette enabled
Dynamically enable window occlusion 0
1676616844935	Marionette	INFO	Listening on port 58722
Read port: 58722
WebDriver BiDi listening on ws://127.0.0.1:58709
1676616845253	RemoteAgent	WARN	TLS certificate errors will be ignored for this session
console.warn: SearchSettings: "get: No settings file exists, new profile?" (new NotFoundError("Could not open the file at C:\\Users\\aadhi\\AppData\\Local\\Temp\\rust_mozprofilekXvzDZ\\search.json.mozlz4", (void 0)))
DevTools listening on ws://127.0.0.1:58709/devtools/browser/2cf739d4-113c-4750-b908-87f53ee11087
console.warn: LoginRecipes: "Falling back to a synchronous message for: https://opensource-demo.orangehrmlive.com."
console.warn: LoginRecipes: "Falling back to a synchronous message for: https://opensource-demo.orangehrmlive.com."
JavaScript error: , line 0: NS_ERROR_NOT_AVAILABLE
JavaScript error: resource://gre/modules/AsyncShutdown.jsm, line 572: NotFoundError: No such JSWindowActor 'DevToolsFrame'
1676623521561	Marionette	INFO	Stopped listening on port 58722
Dynamically enable window occlusion 1
ow-hosts" "localhost" "-no-remote" "-profile" "C:\\Users\\aadhi\\AppData\\Local\\Temp\\rust_mozprofile6uGCRN"
1676623168561	Marionette	INFO	Marionette enabled
Dynamically enable window occlusion 0
1676623168569	Marionette	INFO	Listening on port 61128
Read port: 61128
WebDriver BiDi listening on ws://127.0.0.1:61119
1676623168847	RemoteAgent	WARN	TLS certificate errors will be ignored for this session
console.warn: SearchSettings: "get: No settings file exists, new profile?" (new NotFoundError("Could not open the file at C:\\Users\\aadhi\\AppData\\Local\\Temp\\rust_mozprofile6uGCRN\\search.json.mozlz4", (void 0)))
DevTools listening on ws://127.0.0.1:61119/devtools/browser/6bbaa01c-7aad-4fd6-ad0e-1ac0260e3075
console.warn: LoginRecipes: "Falling back to a synchronous message for: https://opensource-demo.orangehrmlive.com."
console.warn: LoginRecipes: "Falling back to a synchronous message for: https://opensource-demo.orangehrmlive.com."
JavaScript error: , line 0: NotFoundError: No such JSWindowActor 'DevToolsFrame'
JavaScript error: , line 0: NS_ERROR_NOT_AVAILABLE
1676650178347	geckodriver	INFO	Listening on 127.0.0.1:20276
1676650181389	mozrunner::runner	INFO	Running command: "C:\\Program Files\\Mozilla Firefox\\firefox.exe" "--marionette" "--remote-debugging-port" "20277" "--remote-allow-hosts" "localhost" "-no-remote" "-profile" "C:\\Users\\aadhi\\AppData\\Local\\Temp\\rust_mozprofilex2CYFv"
1676650182085	Marionette	INFO	Marionette enabled
Dynamically enable window occlusion 0
1676650182101	Marionette	INFO	Listening on port 20284
Read port: 20284
WebDriver BiDi listening on ws://127.0.0.1:20277
1676650182523	RemoteAgent	WARN	TLS certificate errors will be ignored for this session
console.warn: SearchSettings: "get: No settings file exists, new profile?" (new NotFoundError("Could not open the file at C:\\Users\\aadhi\\AppData\\Local\\Temp\\rust_mozprofilex2CYFv\\search.json.mozlz4", (void 0)))
DevTools listening on ws://127.0.0.1:20277/devtools/browser/cb3c9284-223a-4791-9022-5b821b625641
console.warn: LoginRecipes: "Falling back to a synchronous message for: https://opensource-demo.orangehrmlive.com."
console.warn: LoginRecipes: "Falling back to a synchronous message for: https://opensource-demo.orangehrmlive.com."
JavaScript error: , line 0: uncaught exception: Object
JavaScript error: , line 0: uncaught exception: Object
JavaScript error: , line 0: uncaught exception: Object
JavaScript error: , line 0: uncaught exception: Object
JavaScript error: , line 0: uncaught exception: Object
JavaScript error: , line 0: uncaught exception: Object
JavaScript error: , line 0: uncaught exception: Object
JavaScript error: , line 0: uncaught exception: Object
JavaScript error: , line 0: uncaught exception: Object
JavaScript error: , line 0: uncaught exception: Object
JavaScript error: , line 0: uncaught exception: Object
1676786188790	geckodriver	INFO	Listening on 127.0.0.1:57213
1676786191847	mozrunner::runner	INFO	Running command: "C:\\Program Files\\Mozilla Firefox\\firefox.exe" "--marionette" "--remote-debugging-port" "57214" "--remote-allow-hosts" "localhost" "-no-remote" "-profile" "C:\\Users\\aadhi\\AppData\\Local\\Temp\\rust_mozprofileexU1gg"
console.warn: services.settings: Ignoring preference override of remote settings server
console.warn: services.settings: Allow by setting MOZ_REMOTE_SETTINGS_DEVTOOLS=1 in the environment
1676786192823	Marionette	INFO	Marionette enabled
Dynamically enable window occlusion 0
1676786192833	Marionette	INFO	Listening on port 57221
Read port: 57221
WebDriver BiDi listening on ws://127.0.0.1:57214
1676786193132	RemoteAgent	WARN	TLS certificate errors will be ignored for this session
console.warn: SearchSettings: "get: No settings file exists, new profile?" (new NotFoundError("Could not open the file at C:\\Users\\aadhi\\AppData\\Local\\Temp\\rust_mozprofileexU1gg\\search.json.mozlz4", (void 0)))
DevTools listening on ws://127.0.0.1:57214/devtools/browser/67b4adb7-8dc8-4201-bc1f-3ccea91c4b7f
console.warn: LoginRecipes: "Falling back to a synchronous message for: https://opensource-demo.orangehrmlive.com."
console.warn: LoginRecipes: "Falling back to a synchronous message for: https://opensource-demo.orangehrmlive.com."
JavaScript error: , line 0: uncaught exception: Object
JavaScript error: , line 0: uncaught exception: Object
JavaScript error: , line 0: uncaught exception: Object
JavaScript error: , line 0: uncaught exception: Object
JavaScript error: , line 0: uncaught exception: Object
JavaScript error: , line 0: uncaught exception: Object
JavaScript error: , line 0: uncaught exception: Object
JavaScript error: , line 0: uncaught exception: Object
JavaScript error: , line 0: uncaught exception: Object
JavaScript error: , line 0: uncaught exception: Object
JavaScript error: , line 0: uncaught exception: Object
1676786222902	Marionette	INFO	Stopped listening on port 57221
Dynamically enable window occlusion 1
WARNING: A blocker encountered an error while we were waiting.
          Blocker:  Waiting for ping task
          Phase: TelemetryController: Waiting for pending ping activity
          State: (none)
WARNING: Error: Phase "profile-before-change" is finished, it is too late to register completion condition "OS.File: flush I/O queued before profileBeforeChange"
WARNING: addBlocker@resource://gre/modules/AsyncShutdown.sys.mjs:727:15
addBlocker@resource://gre/modules/AsyncShutdown.sys.mjs:523:26
addBlocker@resource://gre/modules/AsyncShutdown.sys.mjs:458:15
setupShutdown@resource://gre/modules/osfile/osfile_async_front.jsm:1548:28
@resource://gre/modules/osfile/osfile_async_front.jsm:1568:16
@resource://gre/modules/osfile.jsm:12:30
@resource://gre/modules/TelemetryStorage.sys.mjs:10:28
_checkPendingPings@resource://gre/modules/TelemetrySend.sys.mjs:863:17
setup@resource://gre/modules/TelemetrySend.sys.mjs:803:18
setup@resource://gre/modules/TelemetrySend.sys.mjs:241:30
setupTelemetry/this._delayedInitTask<@resource://gre/modules/TelemetryControllerParent.sys.mjs:829:36
observe@resource://gre/modules/AsyncShutdown.sys.mjs:576:16

WARNING: A blocker encountered an error while we were waiting.
          Blocker:  Waiting for ping task
          Phase: TelemetryController: Waiting for pending ping activity
          State: (none)
WARNING: Error: Phase "profile-before-change" is finished, it is too late to register completion condition "OS.File: flush I/O queued before profileBeforeChange"
WARNING: addBlocker@resource://gre/modules/AsyncShutdown.sys.mjs:727:15
addBlocker@resource://gre/modules/AsyncShutdown.sys.mjs:523:26
addBlocker@resource://gre/modules/AsyncShutdown.sys.mjs:458:15
setupShutdown@resource://gre/modules/osfile/osfile_async_front.jsm:1548:28
@resource://gre/modules/osfile/osfile_async_front.jsm:1568:16
@resource://gre/modules/osfile.jsm:12:30
@resource://gre/modules/TelemetryStorage.sys.mjs:10:28
_checkPendingPings@resource://gre/modules/TelemetrySend.sys.mjs:863:17
setup@resource://gre/modules/TelemetrySend.sys.mjs:803:18
setup@resource://gre/modules/TelemetrySend.sys.mjs:241:30
setupTelemetry/this._delayedInitTask<@resource://gre/modules/TelemetryControllerParent.sys.mjs:829:36
observe@resource://gre/modules/AsyncShutdown.sys.mjs:576:16

WARNING: A blocker encountered an error while we were waiting.
          Blocker:  Waiting for ping task
          Phase: TelemetryController: Waiting for pending ping activity
          State: (none)
WARNING: Error: Phase "profile-before-change" is finished, it is too late to register completion condition "OS.File: flush I/O queued before profileBeforeChange"
WARNING: addBlocker@resource://gre/modules/AsyncShutdown.sys.mjs:727:15
addBlocker@resource://gre/modules/AsyncShutdown.sys.mjs:523:26
addBlocker@resource://gre/modules/AsyncShutdown.sys.mjs:458:15
setupShutdown@resource://gre/modules/osfile/osfile_async_front.jsm:1548:28
@resource://gre/modules/osfile/osfile_async_front.jsm:1568:16
@resource://gre/modules/osfile.jsm:12:30
@resource://gre/modules/TelemetryStorage.sys.mjs:10:28
_checkPendingPings@resource://gre/modules/TelemetrySend.sys.mjs:863:17
setup@resource://gre/modules/TelemetrySend.sys.mjs:803:18
setup@resource://gre/modules/TelemetrySend.sys.mjs:241:30
setupTelemetry/this._delayedInitTask<@resource://gre/modules/TelemetryControllerParent.sys.mjs:829:36
observe@resource://gre/modules/AsyncShutdown.sys.mjs:576:16

WARNING: A blocker encountered an error while we were waiting.
          Blocker:  TelemetryController: shutting down
          Phase: profile-before-change-telemetry
          State: Error getting state: Error: Phase "profile-before-change" is finished, it is too late to register completion condition "OS.File: flush I/O queued before profileBeforeChange" at addBlocker@resource://gre/modules/AsyncShutdown.sys.mjs:727:15
addBlocker@resource://gre/modules/AsyncShutdown.sys.mjs:523:26
addBlocker@resource://gre/modules/AsyncShutdown.sys.mjs:458:15
setupShutdown@resource://gre/modules/osfile/osfile_async_front.jsm:1548:28
@resource://gre/modules/osfile/osfile_async_front.jsm:1568:16
@resource://gre/modules/osfile.jsm:12:30
@resource://gre/modules/TelemetryStorage.sys.mjs:10:28
_checkPendingPings@resource://gre/modules/TelemetrySend.sys.mjs:863:17
setup@resource://gre/modules/TelemetrySend.sys.mjs:803:18
setup@resource://gre/modules/TelemetrySend.sys.mjs:241:30
setupTelemetry/this._delayedInitTask<@resource://gre/modules/TelemetryControllerParent.sys.mjs:829:36
observe@resource://gre/modules/AsyncShutdown.sys.mjs:576:16

WARNING: Error: Phase "profile-before-change" is finished, it is too late to register completion condition "OS.File: flush I/O queued before profileBeforeChange"
WARNING: addBlocker@resource://gre/modules/AsyncShutdown.sys.mjs:727:15
addBlocker@resource://gre/modules/AsyncShutdown.sys.mjs:523:26
addBlocker@resource://gre/modules/AsyncShutdown.sys.mjs:458:15
setupShutdown@resource://gre/modules/osfile/osfile_async_front.jsm:1548:28
@resource://gre/modules/osfile/osfile_async_front.jsm:1568:16
@resource://gre/modules/osfile.jsm:12:30
@resource://gre/modules/TelemetryStorage.sys.mjs:10:28
_checkPendingPings@resource://gre/modules/TelemetrySend.sys.mjs:863:17
setup@resource://gre/modules/TelemetrySend.sys.mjs:803:18
setup@resource://gre/modules/TelemetrySend.sys.mjs:241:30
setupTelemetry/this._delayedInitTask<@resource://gre/modules/TelemetryControllerParent.sys.mjs:829:36
observe@resource://gre/modules/AsyncShutdown.sys.mjs:576:16

JavaScript error: resource://gre/modules/AsyncShutdown.sys.mjs, line 727: Error: Phase "profile-before-change" is finished, it is too late to register completion condition "OS.File: flush I/O queued before profileBeforeChange"
JavaScript error: resource://gre/modules/AsyncShutdown.sys.mjs, line 727: Error: Phase "profile-before-change" is finished, it is too late to register completion condition "OS.File: flush I/O queued before profileBeforeChange"
JavaScript error: resource://gre/modules/AsyncShutdown.sys.mjs, line 727: Error: Phase "profile-before-change" is finished, it is too late to register completion condition "OS.File: flush I/O queued before profileBeforeChange"
JavaScript error: resource://gre/modules/AsyncShutdown.sys.mjs, line 727: Error: Phase "profile-before-change" is finished, it is too late to register completion condition "OS.File: flush I/O queued before profileBeforeChange"
JavaScript error: resource://gre/modules/AsyncShutdown.sys.mjs, line 727: Error: Phase "profile-before-change" is finished, it is too late to register completion condition "OS.File: flush I/O queued before profileBeforeChange"
JavaScript error: resource://gre/modules/AsyncShutdown.sys.mjs, line 727: Error: Phase "profile-before-change" is finished, it is too late to register completion condition "OS.File: flush I/O queued before profileBeforeChange"
1676786307273	geckodriver	INFO	Listening on 127.0.0.1:57345
1676786310314	mozrunner::runner	INFO	Running command: "C:\\Program Files\\Mozilla Firefox\\firefox.exe" "--marionette" "--remote-debugging-port" "57346" "--remote-allow-hosts" "localhost" "-no-remote" "-profile" "C:\\Users\\aadhi\\AppData\\Local\\Temp\\rust_mozprofileEhLDuW"
console.warn: services.settings: Ignoring preference override of remote settings server
console.warn: services.settings: Allow by setting MOZ_REMOTE_SETTINGS_DEVTOOLS=1 in the environment
1676786310810	Marionette	INFO	Marionette enabled
Dynamically enable window occlusion 0
1676786310819	Marionette	INFO	Listening on port 57353
Read port: 57353
WebDriver BiDi listening on ws://127.0.0.1:57346
1676786311114	RemoteAgent	WARN	TLS certificate errors will be ignored for this session
console.warn: SearchSettings: "get: No settings file exists, new profile?" (new NotFoundError("Could not open the file at C:\\Users\\aadhi\\AppData\\Local\\Temp\\rust_mozprofileEhLDuW\\search.json.mozlz4", (void 0)))
DevTools listening on ws://127.0.0.1:57346/devtools/browser/665534de-5821-485c-9b1c-64ac6a4306f4
console.warn: LoginRecipes: "Falling back to a synchronous message for: https://opensource-demo.orangehrmlive.com."
console.warn: LoginRecipes: "Falling back to a synchronous message for: https://opensource-demo.orangehrmlive.com."
JavaScript error: , line 0: uncaught exception: Object
JavaScript error: , line 0: uncaught exception: Object
JavaScript error: , line 0: uncaught exception: Object
JavaScript error: , line 0: uncaught exception: Object
JavaScript error: , line 0: uncaught exception: Object
JavaScript error: , line 0: uncaught exception: Object
JavaScript error: , line 0: uncaught exception: Object
JavaScript error: , line 0: uncaught exception: Object
1676786347448	geckodriver	INFO	Listening on 127.0.0.1:57419
1676786350487	mozrunner::runner	INFO	Running command: "C:\\Program Files\\Mozilla Firefox\\firefox.exe" "--marionette" "--remote-debugging-port" "57420" "--remote-allow-hosts" "localhost" "-no-remote" "-profile" "C:\\Users\\aadhi\\AppData\\Local\\Temp\\rust_mozprofile2SfaMI"
console.warn: services.settings: Ignoring preference override of remote settings server
console.warn: services.settings: Allow by setting MOZ_REMOTE_SETTINGS_DEVTOOLS=1 in the environment
1676786350984	Marionette	INFO	Marionette enabled
Dynamically enable window occlusion 0
1676786350997	Marionette	INFO	Listening on port 57427
Read port: 57427
WebDriver BiDi listening on ws://127.0.0.1:57420
1676786351327	RemoteAgent	WARN	TLS certificate errors will be ignored for this session
console.warn: SearchSettings: "get: No settings file exists, new profile?" (new NotFoundError("Could not open the file at C:\\Users\\aadhi\\AppData\\Local\\Temp\\rust_mozprofile2SfaMI\\search.json.mozlz4", (void 0)))
DevTools listening on ws://127.0.0.1:57420/devtools/browser/232bb37e-d949-41ef-a000-0e4d88c336f4
console.warn: LoginRecipes: "Falling back to a synchronous message for: https://opensource-demo.orangehrmlive.com."
console.warn: LoginRecipes: "Falling back to a synchronous message for: https://opensource-demo.orangehrmlive.com."
JavaScript error: , line 0: uncaught exception: Object
JavaScript error: , line 0: uncaught exception: Object
JavaScript error: , line 0: uncaught exception: Object
JavaScript error: , line 0: uncaught exception: Object
JavaScript error: , line 0: uncaught exception: Object
JavaScript error: , line 0: uncaught exception: Object
JavaScript error: , line 0: uncaught exception: Object
JavaScript error: , line 0: uncaught exception: Object
[Parent 1924, IPC I/O Parent] WARNING: DuplicateHandle failed for handle 0 in TransferHandles: file /builds/worker/checkouts/gecko/ipc/chromium/src/chrome/common/ipc_channel_win.cc:777
1676786367708	Marionette	INFO	Stopped listening on port 57427
Dynamically enable window occlusion 1
WARNING: A blocker encountered an error while we were waiting.
          Blocker:  Waiting for ping task
          Phase: TelemetryController: Waiting for pending ping activity
          State: (none)
WARNING: Error: Phase "profile-before-change" is finished, it is too late to register completion condition "OS.File: flush I/O queued before profileBeforeChange"
WARNING: addBlocker@resource://gre/modules/AsyncShutdown.sys.mjs:727:15
addBlocker@resource://gre/modules/AsyncShutdown.sys.mjs:523:26
addBlocker@resource://gre/modules/AsyncShutdown.sys.mjs:458:15
setupShutdown@resource://gre/modules/osfile/osfile_async_front.jsm:1548:28
@resource://gre/modules/osfile/osfile_async_front.jsm:1568:16
@resource://gre/modules/osfile.jsm:12:30
@resource://gre/modules/TelemetryStorage.sys.mjs:10:28
_checkPendingPings@resource://gre/modules/TelemetrySend.sys.mjs:863:17
setup@resource://gre/modules/TelemetrySend.sys.mjs:803:18
setup@resource://gre/modules/TelemetrySend.sys.mjs:241:30
setupTelemetry/this._delayedInitTask<@resource://gre/modules/TelemetryControllerParent.sys.mjs:829:36
observe@resource://gre/modules/AsyncShutdown.sys.mjs:576:16

WARNING: A blocker encountered an error while we were waiting.
          Blocker:  Waiting for ping task
          Phase: TelemetryController: Waiting for pending ping activity
          State: (none)
WARNING: Error: Phase "profile-before-change" is finished, it is too late to register completion condition "OS.File: flush I/O queued before profileBeforeChange"
WARNING: addBlocker@resource://gre/modules/AsyncShutdown.sys.mjs:727:15
addBlocker@resource://gre/modules/AsyncShutdown.sys.mjs:523:26
addBlocker@resource://gre/modules/AsyncShutdown.sys.mjs:458:15
setupShutdown@resource://gre/modules/osfile/osfile_async_front.jsm:1548:28
@resource://gre/modules/osfile/osfile_async_front.jsm:1568:16
@resource://gre/modules/osfile.jsm:12:30
@resource://gre/modules/TelemetryStorage.sys.mjs:10:28
_checkPendingPings@resource://gre/modules/TelemetrySend.sys.mjs:863:17
setup@resource://gre/modules/TelemetrySend.sys.mjs:803:18
setup@resource://gre/modules/TelemetrySend.sys.mjs:241:30
setupTelemetry/this._delayedInitTask<@resource://gre/modules/TelemetryControllerParent.sys.mjs:829:36
observe@resource://gre/modules/AsyncShutdown.sys.mjs:576:16

WARNING: A blocker encountered an error while we were waiting.
          Blocker:  Waiting for ping task
          Phase: TelemetryController: Waiting for pending ping activity
          State: (none)
WARNING: Error: Phase "profile-before-change" is finished, it is too late to register completion condition "OS.File: flush I/O queued before profileBeforeChange"
WARNING: addBlocker@resource://gre/modules/AsyncShutdown.sys.mjs:727:15
addBlocker@resource://gre/modules/AsyncShutdown.sys.mjs:523:26
addBlocker@resource://gre/modules/AsyncShutdown.sys.mjs:458:15
setupShutdown@resource://gre/modules/osfile/osfile_async_front.jsm:1548:28
@resource://gre/modules/osfile/osfile_async_front.jsm:1568:16
@resource://gre/modules/osfile.jsm:12:30
@resource://gre/modules/TelemetryStorage.sys.mjs:10:28
_checkPendingPings@resource://gre/modules/TelemetrySend.sys.mjs:863:17
setup@resource://gre/modules/TelemetrySend.sys.mjs:803:18
setup@resource://gre/modules/TelemetrySend.sys.mjs:241:30
setupTelemetry/this._delayedInitTask<@resource://gre/modules/TelemetryControllerParent.sys.mjs:829:36
observe@resource://gre/modules/AsyncShutdown.sys.mjs:576:16

WARNING: A blocker encountered an error while we were waiting.
          Blocker:  TelemetryController: shutting down
          Phase: profile-before-change-telemetry
          State: Error getting state: Error: Phase "profile-before-change" is finished, it is too late to register completion condition "OS.File: flush I/O queued before profileBeforeChange" at addBlocker@resource://gre/modules/AsyncShutdown.sys.mjs:727:15
addBlocker@resource://gre/modules/AsyncShutdown.sys.mjs:523:26
addBlocker@resource://gre/modules/AsyncShutdown.sys.mjs:458:15
setupShutdown@resource://gre/modules/osfile/osfile_async_front.jsm:1548:28
@resource://gre/modules/osfile/osfile_async_front.jsm:1568:16
@resource://gre/modules/osfile.jsm:12:30
@resource://gre/modules/TelemetryStorage.sys.mjs:10:28
_checkPendingPings@resource://gre/modules/TelemetrySend.sys.mjs:863:17
setup@resource://gre/modules/TelemetrySend.sys.mjs:803:18
setup@resource://gre/modules/TelemetrySend.sys.mjs:241:30
setupTelemetry/this._delayedInitTask<@resource://gre/modules/TelemetryControllerParent.sys.mjs:829:36
observe@resource://gre/modules/AsyncShutdown.sys.mjs:576:16

WARNING: Error: Phase "profile-before-change" is finished, it is too late to register completion condition "OS.File: flush I/O queued before profileBeforeChange"
WARNING: addBlocker@resource://gre/modules/AsyncShutdown.sys.mjs:727:15
addBlocker@resource://gre/modules/AsyncShutdown.sys.mjs:523:26
addBlocker@resource://gre/modules/AsyncShutdown.sys.mjs:458:15
setupShutdown@resource://gre/modules/osfile/osfile_async_front.jsm:1548:28
@resource://gre/modules/osfile/osfile_async_front.jsm:1568:16
@resource://gre/modules/osfile.jsm:12:30
@resource://gre/modules/TelemetryStorage.sys.mjs:10:28
_checkPendingPings@resource://gre/modules/TelemetrySend.sys.mjs:863:17
setup@resource://gre/modules/TelemetrySend.sys.mjs:803:18
setup@resource://gre/modules/TelemetrySend.sys.mjs:241:30
setupTelemetry/this._delayedInitTask<@resource://gre/modules/TelemetryControllerParent.sys.mjs:829:36
observe@resource://gre/modules/AsyncShutdown.sys.mjs:576:16

JavaScript error: resource://gre/modules/AsyncShutdown.sys.mjs, line 727: Error: Phase "profile-before-change" is finished, it is too late to register completion condition "OS.File: flush I/O queued before profileBeforeChange"
JavaScript error: resource://gre/modules/AsyncShutdown.sys.mjs, line 727: Error: Phase "profile-before-change" is finished, it is too late to register completion condition "OS.File: flush I/O queued before profileBeforeChange"
JavaScript error: resource://gre/modules/AsyncShutdown.sys.mjs, line 727: Error: Phase "profile-before-change" is finished, it is too late to register completion condition "OS.File: flush I/O queued before profileBeforeChange"
JavaScript error: resource://gre/modules/AsyncShutdown.sys.mjs, line 727: Error: Phase "profile-before-change" is finished, it is too late to register completion condition "OS.File: flush I/O queued before profileBeforeChange"
JavaScript error: resource://gre/modules/AsyncShutdown.sys.mjs, line 727: Error: Phase "profile-before-change" is finished, it is too late to register completion condition "OS.File: flush I/O queued before profileBeforeChange"
JavaScript error: resource://gre/modules/AsyncShutdown.sys.mjs, line 727: Error: Phase "profile-before-change" is finished, it is too late to register completion condition "OS.File: flush I/O queued before profileBeforeChange"
1676865631050	geckodriver	INFO	Listening on 127.0.0.1:41189
1676865634075	mozrunner::runner	INFO	Running command: "C:\\Program Files\\Mozilla Firefox\\firefox.exe" "--marionette" "--remote-debugging-port" "41190" "--remote-allow-hosts" "localhost" "-no-remote" "-profile" "C:\\Users\\aadhi\\AppData\\Local\\Temp\\rust_mozprofileaZCbJr"
console.warn: services.settings: Ignoring preference override of remote settings server
console.warn: services.settings: Allow by setting MOZ_REMOTE_SETTINGS_DEVTOOLS=1 in the environment
1676865634582	Marionette	INFO	Marionette enabled
Dynamically enable window occlusion 0
1676865634591	Marionette	INFO	Listening on port 41217
Read port: 41217
WebDriver BiDi listening on ws://127.0.0.1:41190
1676865634953	RemoteAgent	WARN	TLS certificate errors will be ignored for this session
console.warn: SearchSettings: "get: No settings file exists, new profile?" (new NotFoundError("Could not open the file at C:\\Users\\aadhi\\AppData\\Local\\Temp\\rust_mozprofileaZCbJr\\search.json.mozlz4", (void 0)))
DevTools listening on ws://127.0.0.1:41190/devtools/browser/c09e42a1-25bc-414a-9037-af3f34bafb72
console.error: Region.sys.mjs: "Error fetching region" (new Error("TIMEOUT", "resource://gre/modules/Region.sys.mjs", 764))
console.error: Region.sys.mjs: "Failed to fetch region" (new Error("TIMEOUT", "resource://gre/modules/Region.sys.mjs", 416))
console.warn: LoginRecipes: "Falling back to a synchronous message for: https://opensource-demo.orangehrmlive.com."
console.warn: LoginRecipes: "Falling back to a synchronous message for: https://opensource-demo.orangehrmlive.com."
JavaScript error: , line 0: NS_ERROR_NOT_AVAILABLE
console.warn: LoginRecipes: "Falling back to a synchronous message for: https://opensource-demo.orangehrmlive.com."
console.error: (new TypeError("parent is null", "resource://devtools/client/inspector/shared/style-change-tracker.js", 67))
TypeError: parent is null: canMutationImpactCurrentStyles@resource://devtools/client/inspector/shared/style-change-tracker.js:67:24
onMutations@resource://devtools/client/inspector/shared/style-change-tracker.js:84:41
_emit@resource://devtools/shared/event-emitter.js:242:32
emit@resource://devtools/shared/event-emitter.js:186:18
emit@resource://devtools/shared/event-emitter.js:330:18
getMutations@resource://devtools/client/fronts/walker.js:313:10

NetworkHelper.parseSecurityInfo threw an exception: Security state 0 has no known STATE_IS_* flags.
console.error: "Security state 0 has no known STATE_IS_* flags."
console.error: Region.sys.mjs: "Error fetching region" (new Error("TIMEOUT", "resource://gre/modules/Region.sys.mjs", 764))
console.error: Region.sys.mjs: "Failed to fetch region" (new Error("TIMEOUT", "resource://gre/modules/Region.sys.mjs", 416))
JavaScript error: resource://gre/modules/AsyncShutdown.sys.mjs, line 576: NotFoundError: No such JSWindowActor 'DevToolsFrame'
1676870525923	Marionette	INFO	Stopped listening on port 41217
Dynamically enable window occlusion 1
arn: LoginRecipes: "Falling back to a synchronous message for: https://opensource-demo.orangehrmlive.com."
console.warn: LoginRecipes: "Falling back to a synchronous message for: https://opensource-demo.orangehrmlive.com."
1676866274735	addons.xpi	ERROR	System addon update list error Error: Failed downloading XML, status: 0, reason: timeout
JavaScript error: , line 0: NS_ERROR_NOT_AVAILABLE
console.error: Region.sys.mjs: "Error fetching region" (new Error("TIMEOUT", "resource://gre/modules/Region.sys.mjs", 764))
console.error: Region.sys.mjs: "Failed to fetch region" (new Error("TIMEOUT", "resource://gre/modules/Region.sys.mjs", 416))
1676870128578	Marionette	INFO	Stopped listening on port 64501
Dynamically enable window occlusion 1
vices.settings: Ignoring preference override of remote settings server
console.warn: services.settings: Allow by setting MOZ_REMOTE_SETTINGS_DEVTOOLS=1 in the environment
1676867892519	Marionette	INFO	Marionette enabled
Dynamically enable window occlusion 0
1676867892529	Marionette	INFO	Listening on port 63727
Read port: 63727
WebDriver BiDi listening on ws://127.0.0.1:63720
1676867892881	RemoteAgent	WARN	TLS certificate errors will be ignored for this session
console.warn: SearchSettings: "get: No settings file exists, new profile?" (new NotFoundError("Could not open the file at C:\\Users\\aadhi\\AppData\\Local\\Temp\\rust_mozprofileUfa6WU\\search.json.mozlz4", (void 0)))
DevTools listening on ws://127.0.0.1:63720/devtools/browser/29f920ad-a386-49d0-acd4-5a9e97fbfc0a
console.error: Region.sys.mjs: "Error fetching region" (new Error("TIMEOUT", "resource://gre/modules/Region.sys.mjs", 764))
console.error: Region.sys.mjs: "Failed to fetch region" (new Error("TIMEOUT", "resource://gre/modules/Region.sys.mjs", 416))
console.warn: LoginRecipes: "Falling back to a synchronous message for: https://opensource-demo.orangehrmlive.com."
console.warn: LoginRecipes: "Falling back to a synchronous message for: https://opensource-demo.orangehrmlive.com."
1676868625233	Marionette	INFO	Stopped listening on port 63727
Dynamically enable window occlusion 1
ng command: "C:\\Program Files\\Mozilla Firefox\\firefox.exe" "--marionette" "--remote-debugging-port" "64144" "--remote-allow-hosts" "localhost" "-no-remote" "-profile" "C:\\Users\\aadhi\\AppData\\Local\\Temp\\rust_mozprofileXzDa5m"
console.warn: services.settings: Ignoring preference override of remote settings server
console.warn: services.settings: Allow by setting MOZ_REMOTE_SETTINGS_DEVTOOLS=1 in the environment
1676867947957	Marionette	INFO	Marionette enabled
Dynamically enable window occlusion 0
1676867947965	Marionette	INFO	Listening on port 64153
Read port: 64153
WebDriver BiDi listening on ws://127.0.0.1:64144
1676867948309	RemoteAgent	WARN	TLS certificate errors will be ignored for this session
console.warn: SearchSettings: "get: No settings file exists, new profile?" (new NotFoundError("Could not open the file at C:\\Users\\aadhi\\AppData\\Local\\Temp\\rust_mozprofileXzDa5m\\search.json.mozlz4", (void 0)))
DevTools listening on ws://127.0.0.1:64144/devtools/browser/0d446412-0a86-49bc-8a82-3487d623f02b
console.error: Region.sys.mjs: "Error fetching region" (new Error("TIMEOUT", "resource://gre/modules/Region.sys.mjs", 764))
console.error: Region.sys.mjs: "Failed to fetch region" (new Error("TIMEOUT", "resource://gre/modules/Region.sys.mjs", 416))
console.warn: LoginRecipes: "Falling back to a synchronous message for: https://opensource-demo.orangehrmlive.com."
console.warn: LoginRecipes: "Falling back to a synchronous message for: https://opensource-demo.orangehrmlive.com."
1676868624202	Marionette	INFO	Stopped listening on port 64153
Dynamically enable window occlusion 1
ng command: "C:\\Program Files\\Mozilla Firefox\\firefox.exe" "--marionette" "--remote-debugging-port" "65427" "--remote-allow-hosts" "localhost" "-no-remote" "-profile" "C:\\Users\\aadhi\\AppData\\Local\\Temp\\rust_mozprofilen3dn6E"
console.warn: services.settings: Ignoring preference override of remote settings server
console.warn: services.settings: Allow by setting MOZ_REMOTE_SETTINGS_DEVTOOLS=1 in the environment
1676868119300	Marionette	INFO	Marionette enabled
Dynamically enable window occlusion 0
1676868119364	Marionette	INFO	Listening on port 65482
Read port: 65482
WebDriver BiDi listening on ws://127.0.0.1:65427
Read port: 65482
1676868121374	RemoteAgent	WARN	TLS certificate errors will be ignored for this session
console.warn: SearchSettings: "get: No settings file exists, new profile?" (new NotFoundError("Could not open the file at C:\\Users\\aadhi\\AppData\\Local\\Temp\\rust_mozprofilen3dn6E\\search.json.mozlz4", (void 0)))
DevTools listening on ws://127.0.0.1:65427/devtools/browser/3e584287-c098-4ddb-8a6f-e5cacaf04d1d
console.error: Region.sys.mjs: "Error fetching region" (new Error("TIMEOUT", "resource://gre/modules/Region.sys.mjs", 764))
console.error: Region.sys.mjs: "Failed to fetch region" (new Error("TIMEOUT", "resource://gre/modules/Region.sys.mjs", 416))
console.warn: LoginRecipes: "Falling back to a synchronous message for: https://opensource-demo.orangehrmlive.com."
console.warn: LoginRecipes: "Falling back to a synchronous message for: https://opensource-demo.orangehrmlive.com."
console.error: (new TypeError("NetworkError: Network request failed", "resource://services-settings/Utils.jsm", 237))
1676868649369	addons.xpi	ERROR	System addon update list error Error: Failed downloading XML, status: 0, reason: timeout
JavaScript error: , line 0: NS_ERROR_NOT_AVAILABLE
tte" "--remote-debugging-port" "1857" "--remote-allow-hosts" "localhost" "-no-remote" "-profile" "C:\\Users\\aadhi\\AppData\\Local\\Temp\\rust_mozprofilegCyXPB"
console.warn: services.settings: Ignoring preference override of remote settings server
console.warn: services.settings: Allow by setting MOZ_REMOTE_SETTINGS_DEVTOOLS=1 in the environment
1676868210184	Marionette	INFO	Marionette enabled
Dynamically enable window occlusion 0
1676868210193	Marionette	INFO	Listening on port 1875
Read port: 1875
WebDriver BiDi listening on ws://127.0.0.1:1857
1676868210490	RemoteAgent	WARN	TLS certificate errors will be ignored for this session
console.warn: SearchSettings: "get: No settings file exists, new profile?" (new NotFoundError("Could not open the file at C:\\Users\\aadhi\\AppData\\Local\\Temp\\rust_mozprofilegCyXPB\\search.json.mozlz4", (void 0)))
DevTools listening on ws://127.0.0.1:1857/devtools/browser/2c032f3e-ef24-4eda-aead-53d7a1f54f9e
console.error: Region.sys.mjs: "Error fetching region" (new Error("TIMEOUT", "resource://gre/modules/Region.sys.mjs", 764))
console.error: Region.sys.mjs: "Failed to fetch region" (new Error("TIMEOUT", "resource://gre/modules/Region.sys.mjs", 416))
[Parent 15140, IPC I/O Parent] WARNING: DuplicateHandle failed for handle 0 in TransferHandles: file /builds/worker/checkouts/gecko/ipc/chromium/src/chrome/common/ipc_channel_win.cc:777
console.warn: LoginRecipes: "Falling back to a synchronous message for: https://opensource-demo.orangehrmlive.com."
console.warn: LoginRecipes: "Falling back to a synchronous message for: https://opensource-demo.orangehrmlive.com."
JavaScript error: , line 0: NS_ERROR_NOT_AVAILABLE
1676870130224	Marionette	INFO	Stopped listening on port 1875
Dynamically enable window occlusion 1
refox.exe" "--marionette" "--remote-debugging-port" "32084" "--remote-allow-hosts" "localhost" "-no-remote" "-profile" "C:\\Users\\aadhi\\AppData\\Local\\Temp\\rust_mozprofileALdsuX"
console.warn: services.settings: Ignoring preference override of remote settings server
console.warn: services.settings: Allow by setting MOZ_REMOTE_SETTINGS_DEVTOOLS=1 in the environment
1676868433879	Marionette	INFO	Marionette enabled
Dynamically enable window occlusion 0
1676868433890	Marionette	INFO	Listening on port 32099
Read port: 32099
WebDriver BiDi listening on ws://127.0.0.1:32084
1676868434203	RemoteAgent	WARN	TLS certificate errors will be ignored for this session
console.warn: SearchSettings: "get: No settings file exists, new profile?" (new NotFoundError("Could not open the file at C:\\Users\\aadhi\\AppData\\Local\\Temp\\rust_mozprofileALdsuX\\search.json.mozlz4", (void 0)))
DevTools listening on ws://127.0.0.1:32084/devtools/browser/e77f49d8-1d20-4da0-b3b0-a59672902ec2
console.error: Region.sys.mjs: "Error fetching region" (new Error("TIMEOUT", "resource://gre/modules/Region.sys.mjs", 764))
console.error: Region.sys.mjs: "Failed to fetch region" (new Error("TIMEOUT", "resource://gre/modules/Region.sys.mjs", 416))
console.warn: LoginRecipes: "Falling back to a synchronous message for: https://opensource-demo.orangehrmlive.com."
console.warn: LoginRecipes: "Falling back to a synchronous message for: https://opensource-demo.orangehrmlive.com."
JavaScript error: , line 0: NS_ERROR_NOT_AVAILABLE
1676870131514	Marionette	INFO	Stopped listening on port 32099
Dynamically enable window occlusion 1
ng command: "C:\\Program Files\\Mozilla Firefox\\firefox.exe" "--marionette" "--remote-debugging-port" "17422" "--remote-allow-hosts" "localhost" "-no-remote" "-profile" "C:\\Users\\aadhi\\AppData\\Local\\Temp\\rust_mozprofile6oi4XQ"
console.warn: services.settings: Ignoring preference override of remote settings server
console.warn: services.settings: Allow by setting MOZ_REMOTE_SETTINGS_DEVTOOLS=1 in the environment
1676869645971	Marionette	INFO	Marionette enabled
Dynamically enable window occlusion 0
1676869645980	Marionette	INFO	Listening on port 17432
Read port: 17432
WebDriver BiDi listening on ws://127.0.0.1:17422
1676869646262	RemoteAgent	WARN	TLS certificate errors will be ignored for this session
console.warn: SearchSettings: "get: No settings file exists, new profile?" (new NotFoundError("Could not open the file at C:\\Users\\aadhi\\AppData\\Local\\Temp\\rust_mozprofile6oi4XQ\\search.json.mozlz4", (void 0)))
DevTools listening on ws://127.0.0.1:17422/devtools/browser/29ba1e14-3201-4787-b8df-d81e8195ed86
console.error: Region.sys.mjs: "Error fetching region" (new Error("TIMEOUT", "resource://gre/modules/Region.sys.mjs", 764))
console.error: Region.sys.mjs: "Failed to fetch region" (new Error("TIMEOUT", "resource://gre/modules/Region.sys.mjs", 416))
console.warn: LoginRecipes: "Falling back to a synchronous message for: https://opensource-demo.orangehrmlive.com."
console.warn: LoginRecipes: "Falling back to a synchronous message for: https://opensource-demo.orangehrmlive.com."
JavaScript error: , line 0: NS_ERROR_NOT_AVAILABLE
1676870525206	Marionette	INFO	Stopped listening on port 17432
Dynamically enable window occlusion 1
efox.exe" "--marionette" "--remote-debugging-port" "20432" "--remote-allow-hosts" "localhost" "-no-remote" "-profile" "C:\\Users\\aadhi\\AppData\\Local\\Temp\\rust_mozprofiler19GrX"
console.warn: services.settings: Ignoring preference override of remote settings server
console.warn: services.settings: Allow by setting MOZ_REMOTE_SETTINGS_DEVTOOLS=1 in the environment
1676870124253	Marionette	INFO	Marionette enabled
Dynamically enable window occlusion 0
1676870124263	Marionette	INFO	Listening on port 20440
Read port: 20440
WebDriver BiDi listening on ws://127.0.0.1:20432
1676870124539	RemoteAgent	WARN	TLS certificate errors will be ignored for this session
console.warn: SearchSettings: "get: No settings file exists, new profile?" (new NotFoundError("Could not open the file at C:\\Users\\aadhi\\AppData\\Local\\Temp\\rust_mozprofiler19GrX\\search.json.mozlz4", (void 0)))
DevTools listening on ws://127.0.0.1:20432/devtools/browser/f1a3b5c7-4019-4816-b42a-3b98d67e9177
console.error: Region.sys.mjs: "Error fetching region" (new Error("TIMEOUT", "resource://gre/modules/Region.sys.mjs", 764))
console.error: Region.sys.mjs: "Failed to fetch region" (new Error("TIMEOUT", "resource://gre/modules/Region.sys.mjs", 416))
1676870524466	Marionette	INFO	Stopped listening on port 20440
Dynamically enable window occlusion 1
!!! error running onStopped callback: TypeError: callback is not a function
"--remote-debugging-port" "20948" "--remote-allow-hosts" "localhost" "-no-remote" "-profile" "C:\\Users\\aadhi\\AppData\\Local\\Temp\\rust_mozprofileSpp6jd"
console.warn: services.settings: Ignoring preference override of remote settings server
console.warn: services.settings: Allow by setting MOZ_REMOTE_SETTINGS_DEVTOOLS=1 in the environment
1676870198832	Marionette	INFO	Marionette enabled
Dynamically enable window occlusion 0
1676870198842	Marionette	INFO	Listening on port 21000
Read port: 21000
WebDriver BiDi listening on ws://127.0.0.1:20948
1676870199122	RemoteAgent	WARN	TLS certificate errors will be ignored for this session
console.warn: SearchSettings: "get: No settings file exists, new profile?" (new NotFoundError("Could not open the file at C:\\Users\\aadhi\\AppData\\Local\\Temp\\rust_mozprofileSpp6jd\\search.json.mozlz4", (void 0)))
DevTools listening on ws://127.0.0.1:20948/devtools/browser/e9d36fde-b277-428b-9fb7-f1fd4b20c105
1676871761266	geckodriver	INFO	Listening on 127.0.0.1:11891
1676871764316	mozrunner::runner	INFO	Running command: "C:\\Program Files\\Mozilla Firefox\\firefox.exe" "--marionette" "--remote-debugging-port" "11892" "--remote-allow-hosts" "localhost" "-no-remote" "-profile" "C:\\Users\\aadhi\\AppData\\Local\\Temp\\rust_mozprofilepp4tUG"
console.warn: services.settings: Ignoring preference override of remote settings server
console.warn: services.settings: Allow by setting MOZ_REMOTE_SETTINGS_DEVTOOLS=1 in the environment
1676871764792	Marionette	INFO	Marionette enabled
Dynamically enable window occlusion 0
1676871764801	Marionette	INFO	Listening on port 11899
Read port: 11899
WebDriver BiDi listening on ws://127.0.0.1:11892
1676871765085	RemoteAgent	WARN	TLS certificate errors will be ignored for this session
console.warn: SearchSettings: "get: No settings file exists, new profile?" (new NotFoundError("Could not open the file at C:\\Users\\aadhi\\AppData\\Local\\Temp\\rust_mozprofilepp4tUG\\search.json.mozlz4", (void 0)))
DevTools listening on ws://127.0.0.1:11892/devtools/browser/016fdb4e-31cd-4063-9b3c-c488d19b85a1
console.error: Region.sys.mjs: "Error fetching region" (new Error("TIMEOUT", "resource://gre/modules/Region.sys.mjs", 764))
console.error: Region.sys.mjs: "Failed to fetch region" (new Error("TIMEOUT", "resource://gre/modules/Region.sys.mjs", 416))
1676872154345	Marionette	INFO	Stopped listening on port 11899
Dynamically enable window occlusion 1
ng command: "C:\\Program Files\\Mozilla Firefox\\firefox.exe" "--marionette" "--remote-debugging-port" "12204" "--remote-allow-hosts" "localhost" "-no-remote" "-profile" "C:\\Users\\aadhi\\AppData\\Local\\Temp\\rust_mozprofileCIwXvI"
console.warn: services.settings: Ignoring preference override of remote settings server
console.warn: services.settings: Allow by setting MOZ_REMOTE_SETTINGS_DEVTOOLS=1 in the environment
1676871794491	Marionette	INFO	Marionette enabled
Dynamically enable window occlusion 0
1676871794502	Marionette	INFO	Listening on port 61506
Read port: 61506
WebDriver BiDi listening on ws://127.0.0.1:12204
1676871794848	RemoteAgent	WARN	TLS certificate errors will be ignored for this session
console.warn: SearchSettings: "get: No settings file exists, new profile?" (new NotFoundError("Could not open the file at C:\\Users\\aadhi\\AppData\\Local\\Temp\\rust_mozprofileCIwXvI\\search.json.mozlz4", (void 0)))
DevTools listening on ws://127.0.0.1:12204/devtools/browser/2d8feb9a-df2c-4061-8fd8-f1a8d533b498
console.error: Region.sys.mjs: "Error fetching region" (new Error("TIMEOUT", "resource://gre/modules/Region.sys.mjs", 764))
console.error: Region.sys.mjs: "Failed to fetch region" (new Error("TIMEOUT", "resource://gre/modules/Region.sys.mjs", 416))
console.warn: LoginRecipes: "Falling back to a synchronous message for: https://opensource-demo.orangehrmlive.com."
console.warn: LoginRecipes: "Falling back to a synchronous message for: https://opensource-demo.orangehrmlive.com."
1676872095697	geckodriver	INFO	Listening on 127.0.0.1:63053
1676872098728	mozrunner::runner	INFO	Running command: "C:\\Program Files\\Mozilla Firefox\\firefox.exe" "--marionette" "--remote-debugging-port" "63054" "--remote-allow-hosts" "localhost" "-no-remote" "-profile" "C:\\Users\\aadhi\\AppData\\Local\\Temp\\rust_mozprofile6tUCRf"
console.warn: services.settings: Ignoring preference override of remote settings server
console.warn: services.settings: Allow by setting MOZ_REMOTE_SETTINGS_DEVTOOLS=1 in the environment
1676872099177	Marionette	INFO	Marionette enabled
Dynamically enable window occlusion 0
1676872099186	Marionette	INFO	Listening on port 63061
Read port: 63061
WebDriver BiDi listening on ws://127.0.0.1:63054
1676872099450	RemoteAgent	WARN	TLS certificate errors will be ignored for this session
console.warn: SearchSettings: "get: No settings file exists, new profile?" (new NotFoundError("Could not open the file at C:\\Users\\aadhi\\AppData\\Local\\Temp\\rust_mozprofile6tUCRf\\search.json.mozlz4", (void 0)))
DevTools listening on ws://127.0.0.1:63054/devtools/browser/6a8d6128-cac6-4072-8d26-26e07ba91ffb
console.warn: LoginRecipes: "Falling back to a synchronous message for: https://opensource-demo.orangehrmlive.com."
console.warn: LoginRecipes: "Falling back to a synchronous message for: https://opensource-demo.orangehrmlive.com."
1676872153582	Marionette	INFO	Stopped listening on port 63061
Dynamically enable window occlusion 1
WARNING: A blocker encountered an error while we were waiting.
          Blocker:  Waiting for ping task
          Phase: TelemetryController: Waiting for pending ping activity
          State: (none)
WARNING: Error: Phase "profile-before-change" is finished, it is too late to register completion condition "OS.File: flush I/O queued before profileBeforeChange"
WARNING: addBlocker@resource://gre/modules/AsyncShutdown.sys.mjs:727:15
addBlocker@resource://gre/modules/AsyncShutdown.sys.mjs:523:26
addBlocker@resource://gre/modules/AsyncShutdown.sys.mjs:458:15
setupShutdown@resource://gre/modules/osfile/osfile_async_front.jsm:1548:28
@resource://gre/modules/osfile/osfile_async_front.jsm:1568:16
@resource://gre/modules/osfile.jsm:12:30
@resource://gre/modules/TelemetryStorage.sys.mjs:10:28
_checkPendingPings@resource://gre/modules/TelemetrySend.sys.mjs:863:17
setup@resource://gre/modules/TelemetrySend.sys.mjs:803:18
setup@resource://gre/modules/TelemetrySend.sys.mjs:241:30
setupTelemetry/this._delayedInitTask<@resource://gre/modules/TelemetryControllerParent.sys.mjs:829:36
observe@resource://gre/modules/AsyncShutdown.sys.mjs:576:16

WARNING: A blocker encountered an error while we were waiting.
          Blocker:  Waiting for ping task
          Phase: TelemetryController: Waiting for pending ping activity
          State: (none)
WARNING: Error: Phase "profile-before-change" is finished, it is too late to register completion condition "OS.File: flush I/O queued before profileBeforeChange"
WARNING: addBlocker@resource://gre/modules/AsyncShutdown.sys.mjs:727:15
addBlocker@resource://gre/modules/AsyncShutdown.sys.mjs:523:26
addBlocker@resource://gre/modules/AsyncShutdown.sys.mjs:458:15
setupShutdown@resource://gre/modules/osfile/osfile_async_front.jsm:1548:28
@resource://gre/modules/osfile/osfile_async_front.jsm:1568:16
@resource://gre/modules/osfile.jsm:12:30
@resource://gre/modules/TelemetryStorage.sys.mjs:10:28
_checkPendingPings@resource://gre/modules/TelemetrySend.sys.mjs:863:17
setup@resource://gre/modules/TelemetrySend.sys.mjs:803:18
setup@resource://gre/modules/TelemetrySend.sys.mjs:241:30
setupTelemetry/this._delayedInitTask<@resource://gre/modules/TelemetryControllerParent.sys.mjs:829:36
observe@resource://gre/modules/AsyncShutdown.sys.mjs:576:16

WARNING: A blocker encountered an error while we were waiting.
          Blocker:  Waiting for ping task
          Phase: TelemetryController: Waiting for pending ping activity
          State: (none)
WARNING: Error: Phase "profile-before-change" is finished, it is too late to register completion condition "OS.File: flush I/O queued before profileBeforeChange"
WARNING: addBlocker@resource://gre/modules/AsyncShutdown.sys.mjs:727:15
addBlocker@resource://gre/modules/AsyncShutdown.sys.mjs:523:26
addBlocker@resource://gre/modules/AsyncShutdown.sys.mjs:458:15
setupShutdown@resource://gre/modules/osfile/osfile_async_front.jsm:1548:28
@resource://gre/modules/osfile/osfile_async_front.jsm:1568:16
@resource://gre/modules/osfile.jsm:12:30
@resource://gre/modules/TelemetryStorage.sys.mjs:10:28
_checkPendingPings@resource://gre/modules/TelemetrySend.sys.mjs:863:17
setup@resource://gre/modules/TelemetrySend.sys.mjs:803:18
setup@resource://gre/modules/TelemetrySend.sys.mjs:241:30
setupTelemetry/this._delayedInitTask<@resource://gre/modules/TelemetryControllerParent.sys.mjs:829:36
observe@resource://gre/modules/AsyncShutdown.sys.mjs:576:16

WARNING: A blocker encountered an error while we were waiting.
          Blocker:  TelemetryController: shutting down
          Phase: profile-before-change-telemetry
          State: Error getting state: Error: Phase "profile-before-change" is finished, it is too late to register completion condition "OS.File: flush I/O queued before profileBeforeChange" at addBlocker@resource://gre/modules/AsyncShutdown.sys.mjs:727:15
addBlocker@resource://gre/modules/AsyncShutdown.sys.mjs:523:26
addBlocker@resource://gre/modules/AsyncShutdown.sys.mjs:458:15
setupShutdown@resource://gre/modules/osfile/osfile_async_front.jsm:1548:28
@resource://gre/modules/osfile/osfile_async_front.jsm:1568:16
@resource://gre/modules/osfile.jsm:12:30
@resource://gre/modules/TelemetryStorage.sys.mjs:10:28
_checkPendingPings@resource://gre/modules/TelemetrySend.sys.mjs:863:17
setup@resource://gre/modules/TelemetrySend.sys.mjs:803:18
setup@resource://gre/modules/TelemetrySend.sys.mjs:241:30
setupTelemetry/this._delayedInitTask<@resource://gre/modules/TelemetryControllerParent.sys.mjs:829:36
observe@resource://gre/modules/AsyncShutdown.sys.mjs:576:16

WARNING: Error: Phase "profile-before-change" is finished, it is too late to register completion condition "OS.File: flush I/O queued before profileBeforeChange"
WARNING: addBlocker@resource://gre/modules/AsyncShutdown.sys.mjs:727:15
addBlocker@resource://gre/modules/AsyncShutdown.sys.mjs:523:26
addBlocker@resource://gre/modules/AsyncShutdown.sys.mjs:458:15
setupShutdown@resource://gre/modules/osfile/osfile_async_front.jsm:1548:28
@resource://gre/modules/osfile/osfile_async_front.jsm:1568:16
@resource://gre/modules/osfile.jsm:12:30
@resource://gre/modules/TelemetryStorage.sys.mjs:10:28
_checkPendingPings@resource://gre/modules/TelemetrySend.sys.mjs:863:17
setup@resource://gre/modules/TelemetrySend.sys.mjs:803:18
setup@resource://gre/modules/TelemetrySend.sys.mjs:241:30
setupTelemetry/this._delayedInitTask<@resource://gre/modules/TelemetryControllerParent.sys.mjs:829:36
observe@resource://gre/modules/AsyncShutdown.sys.mjs:576:16

JavaScript error: resource://gre/modules/AsyncShutdown.sys.mjs, line 727: Error: Phase "profile-before-change" is finished, it is too late to register completion condition "OS.File: flush I/O queued before profileBeforeChange"
JavaScript error: resource://gre/modules/AsyncShutdown.sys.mjs, line 727: Error: Phase "profile-before-change" is finished, it is too late to register completion condition "OS.File: flush I/O queued before profileBeforeChange"
JavaScript error: resource://gre/modules/AsyncShutdown.sys.mjs, line 727: Error: Phase "profile-before-change" is finished, it is too late to register completion condition "OS.File: flush I/O queued before profileBeforeChange"
JavaScript error: resource://gre/modules/AsyncShutdown.sys.mjs, line 727: Error: Phase "profile-before-change" is finished, it is too late to register completion condition "OS.File: flush I/O queued before profileBeforeChange"
JavaScript error: resource://gre/modules/AsyncShutdown.sys.mjs, line 727: Error: Phase "profile-before-change" is finished, it is too late to register completion condition "OS.File: flush I/O queued before profileBeforeChange"
JavaScript error: resource://gre/modules/AsyncShutdown.sys.mjs, line 727: Error: Phase "profile-before-change" is finished, it is too late to register completion condition "OS.File: flush I/O queued before profileBeforeChange"
